2023-11-27 14:48:45,959 INFO  [main] com.placement.engine.app.PlacementEngineRegistrationServiceApplicationTests : Starting PlacementEngineRegistrationServiceApplicationTests using Java 21.0.1 on Lenovo41 with PID 23148 (started by bhard in C:\Users\bhard\IdeaProjects\placement_engine\placement-engine-registration-service\placement-engine-registration-service)
2023-11-27 14:48:46,117 DEBUG [main] com.placement.engine.app.PlacementEngineRegistrationServiceApplicationTests : Running with Spring Boot v2.7.16, Spring v5.3.30
2023-11-27 14:48:46,119 INFO  [main] com.placement.engine.app.PlacementEngineRegistrationServiceApplicationTests : No active profile set, falling back to 1 default profile: "default"
2023-11-27 14:48:48,461 INFO  [main] org.springframework.data.repository.config.RepositoryConfigurationDelegate : Bootstrapping Spring Data JPA repositories in DEFAULT mode.
2023-11-27 14:48:48,903 INFO  [main] org.springframework.data.repository.config.RepositoryConfigurationDelegate : Finished Spring Data repository scanning in 414 ms. Found 6 JPA repository interfaces.
2023-11-27 14:48:49,700 INFO  [main] org.springframework.cloud.context.scope.GenericScope : BeanFactory id=19d39378-46e7-3bef-83a4-b4be6e882264
2023-11-27 14:48:50,083 INFO  [main] org.springframework.context.support.PostProcessorRegistrationDelegate$BeanPostProcessorChecker : Bean 'datasource' of type [com.placement.engine.app.configuration.Datasource$$EnhancerBySpringCGLIB$$f51ca871] is not eligible for getting processed by all BeanPostProcessors (for example: not eligible for auto-proxying)
2023-11-27 14:48:57,934 INFO  [main] org.springframework.orm.jpa.LocalContainerEntityManagerFactoryBean : Initialized JPA EntityManagerFactory for persistence unit 'placement_engine_registration'
2023-11-27 14:49:00,247 WARN  [main] org.springframework.boot.autoconfigure.orm.jpa.JpaBaseConfiguration$JpaWebConfiguration : spring.jpa.open-in-view is enabled by default. Therefore, database queries may be performed during view rendering. Explicitly configure spring.jpa.open-in-view to disable this warning
2023-11-27 14:49:02,015 INFO  [main] org.springframework.orm.jpa.LocalContainerEntityManagerFactoryBean : Closing JPA EntityManagerFactory for persistence unit 'placement_engine_registration'
2023-11-27 14:49:02,074 INFO  [main] org.springframework.boot.autoconfigure.logging.ConditionEvaluationReportLoggingListener : 

Error starting ApplicationContext. To display the conditions report re-run your application with 'debug' enabled.
2023-11-27 14:49:02,114 ERROR [main] org.springframework.boot.diagnostics.LoggingFailureAnalysisReporter : 

***************************
APPLICATION FAILED TO START
***************************

Description:

An attempt was made to call a method that does not exist. The attempt was made from the following location:

    org.springframework.boot.autoconfigure.gson.GsonAutoConfiguration$StandardGsonBuilderCustomizer.customize(GsonAutoConfiguration.java:90)

The following method did not exist:

    'com.google.gson.GsonBuilder com.google.gson.GsonBuilder.setLenient()'

The calling method's class, org.springframework.boot.autoconfigure.gson.GsonAutoConfiguration$StandardGsonBuilderCustomizer, was loaded from the following location:

    jar:file:/C:/Users/bhard/.m2/repository/org/springframework/boot/spring-boot-autoconfigure/2.7.16/spring-boot-autoconfigure-2.7.16.jar!/org/springframework/boot/autoconfigure/gson/GsonAutoConfiguration$StandardGsonBuilderCustomizer.class

The called method's class, com.google.gson.GsonBuilder, is available from the following locations:

    jar:file:/C:/Users/bhard/.m2/repository/com/google/code/gson/gson/2.3.1/gson-2.3.1.jar!/com/google/gson/GsonBuilder.class

The called method's class hierarchy was loaded from the following locations:

    com.google.gson.GsonBuilder: file:/C:/Users/bhard/.m2/repository/com/google/code/gson/gson/2.3.1/gson-2.3.1.jar


Action:

Correct the classpath of your application so that it contains compatible versions of the classes org.springframework.boot.autoconfigure.gson.GsonAutoConfiguration$StandardGsonBuilderCustomizer and com.google.gson.GsonBuilder

2023-11-27 14:49:02,129 ERROR [main] org.springframework.test.context.TestContextManager : Caught exception while allowing TestExecutionListener [org.springframework.test.context.web.ServletTestExecutionListener@6ce86ce1] to prepare test instance [com.placement.engine.app.PlacementEngineRegistrationServiceApplicationTests@61e4a072]
java.lang.IllegalStateException: Failed to load ApplicationContext
	at org.springframework.test.context.cache.DefaultCacheAwareContextLoaderDelegate.loadContext(DefaultCacheAwareContextLoaderDelegate.java:98)
	at org.springframework.test.context.support.DefaultTestContext.getApplicationContext(DefaultTestContext.java:124)
	at org.springframework.test.context.web.ServletTestExecutionListener.setUpRequestContextIfNecessary(ServletTestExecutionListener.java:190)
	at org.springframework.test.context.web.ServletTestExecutionListener.prepareTestInstance(ServletTestExecutionListener.java:132)
	at org.springframework.test.context.TestContextManager.prepareTestInstance(TestContextManager.java:248)
	at org.springframework.test.context.junit.jupiter.SpringExtension.postProcessTestInstance(SpringExtension.java:138)
	at org.junit.jupiter.engine.descriptor.ClassBasedTestDescriptor.lambda$invokeTestInstancePostProcessors$8(ClassBasedTestDescriptor.java:363)
	at org.junit.jupiter.engine.descriptor.ClassBasedTestDescriptor.executeAndMaskThrowable(ClassBasedTestDescriptor.java:368)
	at org.junit.jupiter.engine.descriptor.ClassBasedTestDescriptor.lambda$invokeTestInstancePostProcessors$9(ClassBasedTestDescriptor.java:363)
	at java.base/java.util.stream.ReferencePipeline$3$1.accept(ReferencePipeline.java:197)
	at java.base/java.util.stream.ReferencePipeline$2$1.accept(ReferencePipeline.java:179)
	at java.base/java.util.ArrayList$ArrayListSpliterator.forEachRemaining(ArrayList.java:1708)
	at java.base/java.util.stream.AbstractPipeline.copyInto(AbstractPipeline.java:509)
	at java.base/java.util.stream.AbstractPipeline.wrapAndCopyInto(AbstractPipeline.java:499)
	at java.base/java.util.stream.StreamSpliterators$WrappingSpliterator.forEachRemaining(StreamSpliterators.java:310)
	at java.base/java.util.stream.Streams$ConcatSpliterator.forEachRemaining(Streams.java:735)
	at java.base/java.util.stream.Streams$ConcatSpliterator.forEachRemaining(Streams.java:734)
	at java.base/java.util.stream.ReferencePipeline$Head.forEach(ReferencePipeline.java:762)
	at org.junit.jupiter.engine.descriptor.ClassBasedTestDescriptor.invokeTestInstancePostProcessors(ClassBasedTestDescriptor.java:362)
	at org.junit.jupiter.engine.descriptor.ClassBasedTestDescriptor.lambda$instantiateAndPostProcessTestInstance$6(ClassBasedTestDescriptor.java:283)
	at org.junit.platform.engine.support.hierarchical.ThrowableCollector.execute(ThrowableCollector.java:73)
	at org.junit.jupiter.engine.descriptor.ClassBasedTestDescriptor.instantiateAndPostProcessTestInstance(ClassBasedTestDescriptor.java:282)
	at org.junit.jupiter.engine.descriptor.ClassBasedTestDescriptor.lambda$testInstancesProvider$4(ClassBasedTestDescriptor.java:272)
	at java.base/java.util.Optional.orElseGet(Optional.java:364)
	at org.junit.jupiter.engine.descriptor.ClassBasedTestDescriptor.lambda$testInstancesProvider$5(ClassBasedTestDescriptor.java:271)
	at org.junit.jupiter.engine.execution.TestInstancesProvider.getTestInstances(TestInstancesProvider.java:31)
	at org.junit.jupiter.engine.descriptor.TestMethodTestDescriptor.lambda$prepare$0(TestMethodTestDescriptor.java:102)
	at org.junit.platform.engine.support.hierarchical.ThrowableCollector.execute(ThrowableCollector.java:73)
	at org.junit.jupiter.engine.descriptor.TestMethodTestDescriptor.prepare(TestMethodTestDescriptor.java:101)
	at org.junit.jupiter.engine.descriptor.TestMethodTestDescriptor.prepare(TestMethodTestDescriptor.java:66)
	at org.junit.platform.engine.support.hierarchical.NodeTestTask.lambda$prepare$2(NodeTestTask.java:123)
	at org.junit.platform.engine.support.hierarchical.ThrowableCollector.execute(ThrowableCollector.java:73)
	at org.junit.platform.engine.support.hierarchical.NodeTestTask.prepare(NodeTestTask.java:123)
	at org.junit.platform.engine.support.hierarchical.NodeTestTask.execute(NodeTestTask.java:90)
	at java.base/java.util.ArrayList.forEach(ArrayList.java:1596)
	at org.junit.platform.engine.support.hierarchical.SameThreadHierarchicalTestExecutorService.invokeAll(SameThreadHierarchicalTestExecutorService.java:41)
	at org.junit.platform.engine.support.hierarchical.NodeTestTask.lambda$executeRecursively$6(NodeTestTask.java:155)
	at org.junit.platform.engine.support.hierarchical.ThrowableCollector.execute(ThrowableCollector.java:73)
	at org.junit.platform.engine.support.hierarchical.NodeTestTask.lambda$executeRecursively$8(NodeTestTask.java:141)
	at org.junit.platform.engine.support.hierarchical.Node.around(Node.java:137)
	at org.junit.platform.engine.support.hierarchical.NodeTestTask.lambda$executeRecursively$9(NodeTestTask.java:139)
	at org.junit.platform.engine.support.hierarchical.ThrowableCollector.execute(ThrowableCollector.java:73)
	at org.junit.platform.engine.support.hierarchical.NodeTestTask.executeRecursively(NodeTestTask.java:138)
	at org.junit.platform.engine.support.hierarchical.NodeTestTask.execute(NodeTestTask.java:95)
	at java.base/java.util.ArrayList.forEach(ArrayList.java:1596)
	at org.junit.platform.engine.support.hierarchical.SameThreadHierarchicalTestExecutorService.invokeAll(SameThreadHierarchicalTestExecutorService.java:41)
	at org.junit.platform.engine.support.hierarchical.NodeTestTask.lambda$executeRecursively$6(NodeTestTask.java:155)
	at org.junit.platform.engine.support.hierarchical.ThrowableCollector.execute(ThrowableCollector.java:73)
	at org.junit.platform.engine.support.hierarchical.NodeTestTask.lambda$executeRecursively$8(NodeTestTask.java:141)
	at org.junit.platform.engine.support.hierarchical.Node.around(Node.java:137)
	at org.junit.platform.engine.support.hierarchical.NodeTestTask.lambda$executeRecursively$9(NodeTestTask.java:139)
	at org.junit.platform.engine.support.hierarchical.ThrowableCollector.execute(ThrowableCollector.java:73)
	at org.junit.platform.engine.support.hierarchical.NodeTestTask.executeRecursively(NodeTestTask.java:138)
	at org.junit.platform.engine.support.hierarchical.NodeTestTask.execute(NodeTestTask.java:95)
	at org.junit.platform.engine.support.hierarchical.SameThreadHierarchicalTestExecutorService.submit(SameThreadHierarchicalTestExecutorService.java:35)
	at org.junit.platform.engine.support.hierarchical.HierarchicalTestExecutor.execute(HierarchicalTestExecutor.java:57)
	at org.junit.platform.engine.support.hierarchical.HierarchicalTestEngine.execute(HierarchicalTestEngine.java:54)
	at org.junit.platform.launcher.core.DefaultLauncher.execute(DefaultLauncher.java:220)
	at org.junit.platform.launcher.core.DefaultLauncher.lambda$execute$6(DefaultLauncher.java:188)
	at org.junit.platform.launcher.core.DefaultLauncher.withInterceptedStreams(DefaultLauncher.java:202)
	at org.junit.platform.launcher.core.DefaultLauncher.execute(DefaultLauncher.java:181)
	at org.junit.platform.launcher.core.DefaultLauncher.execute(DefaultLauncher.java:128)
	at org.apache.maven.surefire.junitplatform.JUnitPlatformProvider.invokeAllTests(JUnitPlatformProvider.java:150)
	at org.apache.maven.surefire.junitplatform.JUnitPlatformProvider.invoke(JUnitPlatformProvider.java:124)
	at org.apache.maven.surefire.booter.ForkedBooter.invokeProviderInSameClassLoader(ForkedBooter.java:384)
	at org.apache.maven.surefire.booter.ForkedBooter.runSuitesInProcess(ForkedBooter.java:345)
	at org.apache.maven.surefire.booter.ForkedBooter.execute(ForkedBooter.java:126)
	at org.apache.maven.surefire.booter.ForkedBooter.main(ForkedBooter.java:418)
Caused by: org.springframework.beans.factory.BeanCreationException: Error creating bean with name 'gsonBuilder' defined in class path resource [org/springframework/boot/autoconfigure/gson/GsonAutoConfiguration.class]: Bean instantiation via factory method failed; nested exception is org.springframework.beans.BeanInstantiationException: Failed to instantiate [com.google.gson.GsonBuilder]: Factory method 'gsonBuilder' threw exception; nested exception is java.lang.NoSuchMethodError: 'com.google.gson.GsonBuilder com.google.gson.GsonBuilder.setLenient()'
	at org.springframework.beans.factory.support.ConstructorResolver.instantiate(ConstructorResolver.java:653)
	at org.springframework.beans.factory.support.ConstructorResolver.instantiateUsingFactoryMethod(ConstructorResolver.java:633)
	at org.springframework.beans.factory.support.AbstractAutowireCapableBeanFactory.instantiateUsingFactoryMethod(AbstractAutowireCapableBeanFactory.java:1352)
	at org.springframework.beans.factory.support.AbstractAutowireCapableBeanFactory.createBeanInstance(AbstractAutowireCapableBeanFactory.java:1195)
	at org.springframework.beans.factory.support.AbstractAutowireCapableBeanFactory.doCreateBean(AbstractAutowireCapableBeanFactory.java:582)
	at org.springframework.beans.factory.support.AbstractAutowireCapableBeanFactory.createBean(AbstractAutowireCapableBeanFactory.java:542)
	at org.springframework.beans.factory.support.AbstractBeanFactory.lambda$doGetBean$0(AbstractBeanFactory.java:335)
	at org.springframework.beans.factory.support.DefaultSingletonBeanRegistry.getSingleton(DefaultSingletonBeanRegistry.java:234)
	at org.springframework.beans.factory.support.AbstractBeanFactory.doGetBean(AbstractBeanFactory.java:333)
	at org.springframework.beans.factory.support.AbstractBeanFactory.getBean(AbstractBeanFactory.java:208)
	at org.springframework.beans.factory.support.DefaultListableBeanFactory.preInstantiateSingletons(DefaultListableBeanFactory.java:955)
	at org.springframework.context.support.AbstractApplicationContext.finishBeanFactoryInitialization(AbstractApplicationContext.java:921)
	at org.springframework.context.support.AbstractApplicationContext.refresh(AbstractApplicationContext.java:583)
	at org.springframework.boot.SpringApplication.refresh(SpringApplication.java:731)
	at org.springframework.boot.SpringApplication.refreshContext(SpringApplication.java:408)
	at org.springframework.boot.SpringApplication.run(SpringApplication.java:307)
	at org.springframework.boot.test.context.SpringBootContextLoader.loadContext(SpringBootContextLoader.java:136)
	at org.springframework.test.context.cache.DefaultCacheAwareContextLoaderDelegate.loadContextInternal(DefaultCacheAwareContextLoaderDelegate.java:141)
	at org.springframework.test.context.cache.DefaultCacheAwareContextLoaderDelegate.loadContext(DefaultCacheAwareContextLoaderDelegate.java:90)
	... 67 common frames omitted
Caused by: org.springframework.beans.BeanInstantiationException: Failed to instantiate [com.google.gson.GsonBuilder]: Factory method 'gsonBuilder' threw exception; nested exception is java.lang.NoSuchMethodError: 'com.google.gson.GsonBuilder com.google.gson.GsonBuilder.setLenient()'
	at org.springframework.beans.factory.support.SimpleInstantiationStrategy.instantiate(SimpleInstantiationStrategy.java:185)
	at org.springframework.beans.factory.support.ConstructorResolver.instantiate(ConstructorResolver.java:648)
	... 85 common frames omitted
Caused by: java.lang.NoSuchMethodError: 'com.google.gson.GsonBuilder com.google.gson.GsonBuilder.setLenient()'
	at org.springframework.boot.autoconfigure.gson.GsonAutoConfiguration$StandardGsonBuilderCustomizer.customize(GsonAutoConfiguration.java:90)
	at org.springframework.boot.autoconfigure.gson.GsonAutoConfiguration.lambda$gsonBuilder$0(GsonAutoConfiguration.java:49)
	at java.base/java.util.ArrayList.forEach(ArrayList.java:1596)
	at org.springframework.boot.autoconfigure.gson.GsonAutoConfiguration.gsonBuilder(GsonAutoConfiguration.java:49)
	at java.base/jdk.internal.reflect.DirectMethodHandleAccessor.invoke(DirectMethodHandleAccessor.java:103)
	at java.base/java.lang.reflect.Method.invoke(Method.java:580)
	at org.springframework.beans.factory.support.SimpleInstantiationStrategy.instantiate(SimpleInstantiationStrategy.java:154)
	... 86 common frames omitted
2023-11-27 15:17:45,182 INFO  [main] com.placement.engine.app.PlacementEngineRegistrationServiceApplicationTests : Starting PlacementEngineRegistrationServiceApplicationTests using Java 21.0.1 on Lenovo41 with PID 19860 (started by bhard in C:\Users\bhard\IdeaProjects\placement_engine\placement-engine-registration-service\placement-engine-registration-service)
2023-11-27 15:17:45,277 DEBUG [main] com.placement.engine.app.PlacementEngineRegistrationServiceApplicationTests : Running with Spring Boot v2.7.16, Spring v5.3.30
2023-11-27 15:17:45,280 INFO  [main] com.placement.engine.app.PlacementEngineRegistrationServiceApplicationTests : No active profile set, falling back to 1 default profile: "default"
2023-11-27 15:17:47,923 INFO  [main] org.springframework.data.repository.config.RepositoryConfigurationDelegate : Bootstrapping Spring Data JPA repositories in DEFAULT mode.
2023-11-27 15:17:48,378 INFO  [main] org.springframework.data.repository.config.RepositoryConfigurationDelegate : Finished Spring Data repository scanning in 436 ms. Found 6 JPA repository interfaces.
2023-11-27 15:17:49,102 INFO  [main] org.springframework.cloud.context.scope.GenericScope : BeanFactory id=19d39378-46e7-3bef-83a4-b4be6e882264
2023-11-27 15:17:49,376 INFO  [main] org.springframework.context.support.PostProcessorRegistrationDelegate$BeanPostProcessorChecker : Bean 'datasource' of type [com.placement.engine.app.configuration.Datasource$$EnhancerBySpringCGLIB$$4cdb20c2] is not eligible for getting processed by all BeanPostProcessors (for example: not eligible for auto-proxying)
2023-11-27 15:17:58,195 INFO  [main] org.springframework.orm.jpa.LocalContainerEntityManagerFactoryBean : Initialized JPA EntityManagerFactory for persistence unit 'placement_engine_registration'
2023-11-27 15:18:01,051 WARN  [main] org.springframework.boot.autoconfigure.orm.jpa.JpaBaseConfiguration$JpaWebConfiguration : spring.jpa.open-in-view is enabled by default. Therefore, database queries may be performed during view rendering. Explicitly configure spring.jpa.open-in-view to disable this warning
2023-11-27 15:18:04,543 INFO  [main] org.springframework.cloud.commons.util.InetUtils : Cannot determine local hostname
2023-11-27 15:18:04,912 INFO  [main] org.springframework.cloud.netflix.eureka.config.DiscoveryClientOptionalArgsConfiguration : Eureka HTTP Client uses RestTemplate.
2023-11-27 15:18:06,159 INFO  [main] org.springframework.cloud.commons.util.InetUtils : Cannot determine local hostname
2023-11-27 15:18:06,613 WARN  [main] org.springframework.cloud.loadbalancer.config.LoadBalancerCacheAutoConfiguration$LoadBalancerCaffeineWarnLogger : Spring Cloud LoadBalancer is currently working with the default cache. While this cache implementation is useful for development and tests, it's recommended to use Caffeine cache in production.You can switch to using Caffeine cache, by adding it and org.springframework.cache.caffeine.CaffeineCacheManager to the classpath.
2023-11-27 15:18:06,894 INFO  [main] org.springframework.cloud.netflix.eureka.InstanceInfoFactory : Setting initial instance status as: STARTING
2023-11-27 15:18:07,390 INFO  [main] com.netflix.discovery.DiscoveryClient : Initializing Eureka in region us-east-1
2023-11-27 15:18:07,401 INFO  [main] com.netflix.discovery.shared.resolver.aws.ConfigClusterResolver : Resolving eureka endpoints via configuration
2023-11-27 15:18:07,449 INFO  [main] com.netflix.discovery.DiscoveryClient : Disable delta property : false
2023-11-27 15:18:07,449 INFO  [main] com.netflix.discovery.DiscoveryClient : Single vip registry refresh property : null
2023-11-27 15:18:07,450 INFO  [main] com.netflix.discovery.DiscoveryClient : Force full registry fetch : false
2023-11-27 15:18:07,450 INFO  [main] com.netflix.discovery.DiscoveryClient : Application is null : false
2023-11-27 15:18:07,451 INFO  [main] com.netflix.discovery.DiscoveryClient : Registered Applications size is zero : true
2023-11-27 15:18:07,452 INFO  [main] com.netflix.discovery.DiscoveryClient : Application version is -1: true
2023-11-27 15:18:07,453 INFO  [main] com.netflix.discovery.DiscoveryClient : Getting all instance registry info from the eureka server
2023-11-27 15:18:08,205 INFO  [main] com.netflix.discovery.DiscoveryClient : The response status is 200
2023-11-27 15:18:08,210 INFO  [main] com.netflix.discovery.DiscoveryClient : Starting heartbeat executor: renew interval is: 30
2023-11-27 15:18:08,217 INFO  [main] com.netflix.discovery.InstanceInfoReplicator : InstanceInfoReplicator onDemand update allowed rate per min is 4
2023-11-27 15:18:08,227 INFO  [main] com.netflix.discovery.DiscoveryClient : Discovery Client initialized at timestamp 1701078488223 with initial instances count: 0
2023-11-27 15:18:08,237 INFO  [main] org.springframework.cloud.netflix.eureka.serviceregistry.EurekaServiceRegistry : Registering application PLACEMENT_ENGINE_REGISTRATION_SERVICE with eureka with status UP
2023-11-27 15:18:08,240 INFO  [main] com.netflix.discovery.DiscoveryClient : Saw local status change event StatusChangeEvent [timestamp=1701078488240, current=UP, previous=STARTING]
2023-11-27 15:18:08,244 INFO  [DiscoveryClient-InstanceInfoReplicator-0] com.netflix.discovery.DiscoveryClient : DiscoveryClient_PLACEMENT_ENGINE_REGISTRATION_SERVICE/localhost:Placement_Engine_Registration_Service:8082: registering service...
2023-11-27 15:18:08,323 INFO  [main] com.placement.engine.app.PlacementEngineRegistrationServiceApplicationTests : Started PlacementEngineRegistrationServiceApplicationTests in 25.528 seconds (JVM running for 28.178)
2023-11-27 15:18:08,626 INFO  [DiscoveryClient-InstanceInfoReplicator-0] com.netflix.discovery.DiscoveryClient : DiscoveryClient_PLACEMENT_ENGINE_REGISTRATION_SERVICE/localhost:Placement_Engine_Registration_Service:8082 - registration status: 204
2023-11-27 15:18:08,959 INFO  [SpringApplicationShutdownHook] org.springframework.cloud.netflix.eureka.serviceregistry.EurekaServiceRegistry : Unregistering application PLACEMENT_ENGINE_REGISTRATION_SERVICE with eureka with status DOWN
2023-11-27 15:18:08,960 INFO  [SpringApplicationShutdownHook] com.netflix.discovery.DiscoveryClient : Saw local status change event StatusChangeEvent [timestamp=1701078488960, current=DOWN, previous=UP]
2023-11-27 15:18:08,961 INFO  [DiscoveryClient-InstanceInfoReplicator-0] com.netflix.discovery.DiscoveryClient : DiscoveryClient_PLACEMENT_ENGINE_REGISTRATION_SERVICE/localhost:Placement_Engine_Registration_Service:8082: registering service...
2023-11-27 15:18:08,982 INFO  [DiscoveryClient-InstanceInfoReplicator-0] com.netflix.discovery.DiscoveryClient : DiscoveryClient_PLACEMENT_ENGINE_REGISTRATION_SERVICE/localhost:Placement_Engine_Registration_Service:8082 - registration status: 204
2023-11-27 15:18:08,992 INFO  [SpringApplicationShutdownHook] org.springframework.orm.jpa.LocalContainerEntityManagerFactoryBean : Closing JPA EntityManagerFactory for persistence unit 'placement_engine_registration'
2023-11-27 15:18:09,042 INFO  [SpringApplicationShutdownHook] com.netflix.discovery.DiscoveryClient : Shutting down DiscoveryClient ...
2023-11-27 15:18:12,052 INFO  [SpringApplicationShutdownHook] com.netflix.discovery.DiscoveryClient : Unregistering ...
2023-11-27 15:18:12,104 INFO  [SpringApplicationShutdownHook] com.netflix.discovery.DiscoveryClient : DiscoveryClient_PLACEMENT_ENGINE_REGISTRATION_SERVICE/localhost:Placement_Engine_Registration_Service:8082 - deregister  status: 200
2023-11-27 15:18:12,131 INFO  [SpringApplicationShutdownHook] com.netflix.discovery.DiscoveryClient : Completed shut down of DiscoveryClient
